make all --print-data-base --no-builtin-variables --no-builtin-rules --question
# GNU Make 3.81
# Copyright (C) 2006  Free Software Foundation, Inc.
# This is free software; see the source for copying conditions.
# There is NO warranty; not even for MERCHANTABILITY or FITNESS FOR A
# PARTICULAR PURPOSE.

# This program built for i386-apple-darwin11.3.0
 
make: *** No rule to make target `get_next_line.o', needed by `miniRT'.  Stop.


# Make data base, printed on Tue Nov 15 15:38:49 2022

# Variables

# automatic
<D = $(patsubst %/,%,$(dir $<))
# automatic
?F = $(notdir $?)
# automatic
?D = $(patsubst %/,%,$(dir $?))
# automatic
@D = $(patsubst %/,%,$(dir $@))
# automatic
@F = $(notdir $@)
# makefile
CURDIR := /Users/imustafa/Desktop/git/MiniRT_dev
# makefile
SHELL = /bin/sh
# environment
VSCODE_NLS_CONFIG = {"locale":"en-us","availableLanguages":{},"_languagePackSupport":true}
# environment
_ = /usr/bin/make
# makefile (from `Makefile', line 7)
CFLAGS = -Wall -Wextra -Werror -g3
# makefile (from `Makefile', line 1)
MAKEFILE_LIST :=  Makefile
# makefile (from `Makefile', line 3)
OBJS = ${SRCS:.c=.o}
# environment
VSCODE_CWD = /
# environment
PATH = /usr/local/bin:/usr/bin:/bin:/usr/sbin:/sbin:/usr/local/munki:/Users/imustafa/Documents:/Users/imustafa/Documents/valgrind:/Users/imustafa/Documents/42-ValgrindContainer
# environment
LSCOLORS = Gxfxcxdxbxegedabagacad
# makefile (from `Makefile', line 20)
MLX_PATH = libs/mlx_mac
# environment
ELECTRON_RUN_AS_NODE = 1
# default
.FEATURES := target-specific order-only second-expansion else-if archives jobserver check-symlink
# environment
SSH_AUTH_SOCK = /private/tmp/com.apple.launchd.4nxXBPXtmM/Listeners
# automatic
%F = $(notdir $%)
# environment
PWD = /Users/imustafa/Desktop/git/MiniRT_dev
# environment
ORIGINAL_XDG_CURRENT_DESKTOP = undefined
# environment
VSCODE_AMD_ENTRYPOINT = vs/workbench/api/node/extensionHostProcess
# environment
HOME = /Users/imustafa
# default
MAKEFILEPATH = $(shell /usr/bin/xcode-select -print-path 2>/dev/null || echo /Developer)/Makefiles
# environment
VSCODE_CODE_CACHE_PATH = /Users/imustafa/Library/Application Support/Code/CachedData/d045a5eda657f4d7b676dedbfa7aab8207f8a075
# environment
LOGNAME = imustafa
# environment
APPLICATION_INSIGHTS_NO_DIAGNOSTIC_CHANNEL = 1
# environment
ZSH = /Users/imustafa/.oh-my-zsh
# environment
VSCODE_HANDLES_UNCAUGHT_ERRORS = true
# automatic
^D = $(patsubst %/,%,$(dir $^))
# environment
XPC_FLAGS = 0x0
# default
MAKE = $(MAKE_COMMAND)
# default
MAKECMDGOALS := all
# makefile (from `Makefile', line 1)
SRCS = $(wildcard *.c) $(wildcard */*.c)
# environment
SHLVL = 1
# makefile (from `Makefile', line 11)
LIBFT = libs/libft/libft.a
# makefile (from `Makefile', line 5)
CC = gcc
# default
MAKE_VERSION := 3.81
# environment
USER = imustafa
# makefile
.DEFAULT_GOAL := all
# makefile (from `Makefile', line 23)
NAME = miniRT
# environment
LESS = -R
# automatic
%D = $(patsubst %/,%,$(dir $%))
# default
MAKE_COMMAND := /Library/Developer/CommandLineTools/usr/bin/make
# default
.VARIABLES := 
# environment
TMPDIR = /var/folders/zz/zyxvpxvq6csfxvn_n000c_mr0032n6/T/
# automatic
*F = $(notdir $*)
# makefile (from `Makefile', line 9)
OS = $(shell uname)
# environment
VSCODE_IPC_HOOK = /Users/imustafa/Library/Application Support/Code/1.72.2-main.sock
# environment
MallocNanoZone = 0
# makefile
MAKEFLAGS = Rrqp
# environment
MFLAGS = -Rrqp
# automatic
*D = $(patsubst %/,%,$(dir $*))
# environment
XPC_SERVICE_NAME = com.microsoft.VSCode.2368
# automatic
+D = $(patsubst %/,%,$(dir $+))
# automatic
+F = $(notdir $+)
# environment
__CF_USER_TEXT_ENCODING = 0x18AA6:0x0:0x0
# default
MAKEFILES := 
# automatic
<F = $(notdir $<)
# makefile (from `Makefile', line 13)
LIBFT_PATH = libs/libft
# makefile (from `Makefile', line 19)
MLX_FLAGS = -Llibs/mlx_mac -lmlx -Ilibs/mlx_mac -framework OpenGL -framework AppKit
# environment
PAGER = less
# environment
LC_ALL = C
# automatic
^F = $(notdir $^)
# default
SUFFIXES := 
# default
.INCLUDE_DIRS = /usr/local/include
# environment
MAKELEVEL := 0
# environment
LANG = C
# environment
VSCODE_PID = 40080
# variable set hash-table stats:
# Load=70/1024=7%, Rehash=0, Collisions=3/101=3%

# Pattern-specific Variable Values

# No pattern-specific variable values.

# Directories

# get_next_line.c (device 16777225, inode 3606804): could not be opened.
# Makefile (device 16777225, inode 3606798): could not be opened.
# utils (device 16777225, inode 3606896): 3 files, no impossibilities.
# libs (device 16777225, inode 3606808): 5 files, no impossibilities.
# . (device 16777225, inode 3606729): 24 files, no impossibilities.
# main copy (device 16777225, inode 4356883): could not be opened.
# parser (device 16777225, inode 3606885): 9 files, no impossibilities.
# includes (device 16777225, inode 3606806): 3 files, no impossibilities.
# coords (device 16777225, inode 4356870): 9 files, no impossibilities.
# error (device 16777225, inode 3606800): 3 files, no impossibilities.
# get_next_line_utils.c (device 16777225, inode 3606805): could not be opened.
# pdfs (device 16777225, inode 3606893): 4 files, no impossibilities.
# render (device 16777225, inode 4356899): 9 files, no impossibilities.
# main.c (device 16777225, inode 4356884): could not be opened.
# default.rt (device 16777225, inode 4356878): could not be opened.
# shadow (device 16777225, inode 4356907): 3 files, no impossibilities.
# free (device 16777225, inode 3606802): 3 files, no impossibilities.
# tests (device 16777225, inode 4356909): 11 files, no impossibilities.
# matrices (device 16777225, inode 4356885): 8 files, no impossibilities.

# 94 files, no impossibilities in 19 directories.

# Implicit Rules

# No implicit rules.

# Files

# Not a target:
coords/subtract.o:
#  Implicit rule search has not been done.
#  Modification time never checked.
#  File has not been updated.

all: miniRT
#  Command-line target.
#  Implicit rule search has been done.
#  File does not exist.
#  File has not been updated.
# variable set hash-table stats:
# Load=0/32=0%, Rehash=0, Collisions=0/0=0%

# Not a target:
parser/parser.o:
#  Implicit rule search has not been done.
#  Modification time never checked.
#  File has not been updated.

# Not a target:
error/error.o:
#  Implicit rule search has not been done.
#  Modification time never checked.
#  File has not been updated.

# Not a target:
parser/parse_cylinder.o:
#  Implicit rule search has not been done.
#  Modification time never checked.
#  File has not been updated.

# Not a target:
parser/parse_light.o:
#  Implicit rule search has not been done.
#  Modification time never checked.
#  File has not been updated.

# Not a target:
.SUFFIXES:
#  Implicit rule search has not been done.
#  Modification time never checked.
#  File has not been updated.

miniRT: get_next_line.o get_next_line_utils.o main.o coords/color.o coords/compare.o coords/normal.o coords/operation.o coords/product.o coords/subtract.o coords/tuple.o error/error.o free/free_scene_data.o matrices/identity.o matrices/inverse.o matrices/inverting.o matrices/matrix.o matrices/transform.o matrices/transpose.o parser/parse_ambient_lighting.o parser/parse_camera.o parser/parse_cylinder.o parser/parse_light.o parser/parse_plane.o parser/parse_sphere.o parser/parser.o render/ray.o render/renderer.o render/scene.o render/shadow.o render/sphere.o render/view.o utils/utils.o
#  Implicit rule search has not been done.
#  File does not exist.
#  File has not been updated.
# variable set hash-table stats:
# Load=0/32=0%, Rehash=0, Collisions=0/0=0%
#  commands to execute (from `Makefile', line 28):
	$(MAKE) -C $(MLX_PATH)
	$(MAKE) -C $(LIBFT_PATH)
	$(MAKE) -C $(LIBFT_PATH) bonus
	$(CC) $(OBJS) $(LIBFT) $(MLX_FLAGS)  $(CFLAGS) -o $(NAME)
	

# Not a target:
Makefile:
#  Implicit rule search has been done.
#  Last modified 2022-11-15 15:38:18
#  File has been updated.
#  Successfully updated.
# variable set hash-table stats:
# Load=0/32=0%, Rehash=0, Collisions=0/0=0%

# Not a target:
matrices/matrix.o:
#  Implicit rule search has not been done.
#  Modification time never checked.
#  File has not been updated.

# Not a target:
parser/parse_plane.o:
#  Implicit rule search has not been done.
#  Modification time never checked.
#  File has not been updated.

fclean: clean
#  Implicit rule search has not been done.
#  Modification time never checked.
#  File has not been updated.
#  commands to execute (from `Makefile', line 39):
	rm -rf $(NAME)
	$(MAKE) clean -C $(MLX_PATH)
	$(MAKE) fclean -C $(LIBFT_PATH)
	

# Not a target:
get_next_line_utils.o:
#  Implicit rule search has not been done.
 
#  Modification time never checked.
#  File has not been updated.

# Not a target:
parser/parse_ambient_lighting.o:
#  Implicit rule search has not been done.
#  Modification time never checked.
#  File has not been updated.

# Not a target:
.DEFAULT:
#  Implicit rule search has not been done.
#  Modification time never checked.
#  File has not been updated.

# Not a target:
render/sphere.o:
#  Implicit rule search has not been done.
#  Modification time never checked.
#  File has not been updated.

# Not a target:
matrices/identity.o:
#  Implicit rule search has not been done.
#  Modification time never checked.
#  File has not been updated.

# Not a target:
render/shadow.o:
#  Implicit rule search has not been done.
#  Modification time never checked.
#  File has not been updated.

re: fclean all
#  Implicit rule search has not been done.
#  Modification time never checked.
#  File has not been updated.

# Not a target:
parser/parse_camera.o:
#  Implicit rule search has not been done.
#  Modification time never checked.
#  File has not been updated.

clean:
#  Implicit rule search has not been done.
#  Modification time never checked.
#  File has not been updated.
#  commands to execute (from `Makefile', line 34):
	$(MAKE) clean -C $(MLX_PATH)
	$(MAKE) clean -C $(LIBFT_PATH)
	rm -rf $(OBJS)
	

# Not a target:
render/scene.o:
#  Implicit rule search has not been done.
#  Modification time never checked.
#  File has not been updated.

# Not a target:
coords/compare.o:
#  Implicit rule search has not been done.
#  Modification time never checked.
#  File has not been updated.

# Not a target:
coords/normal.o:
#  Implicit rule search has not been done.
#  Modification time never checked.
#  File has not been updated.

# Not a target:
render/view.o:
#  Implicit rule search has not been done.
#  Modification time never checked.
#  File has not been updated.

# Not a target:
parser/parse_sphere.o:
#  Implicit rule search has not been done.
#  Modification time never checked.
#  File has not been updated.

# Not a target:
render/ray.o:
#  Implicit rule search has not been done.
#  Modification time never checked.
#  File has not been updated.

# Not a target:
main.o:
#  Implicit rule search has not been done.
#  Modification time never checked.
#  File has not been updated.

# Not a target:
matrices/transpose.o:
#  Implicit rule search has not been done.
#  Modification time never checked.
#  File has not been updated.

# Not a target:
coords/operation.o:
#  Implicit rule search has not been done.
#  Modification time never checked.
#  File has not been updated.

# Not a target:
render/renderer.o:
#  Implicit rule search has not been done.
#  Modification time never checked.
#  File has not been updated.

# Not a target:
free/free_scene_data.o:
#  Implicit rule search has not been done.
#  Modification time never checked.
#  File has not been updated.

# Not a target:
matrices/transform.o:
#  Implicit rule search has not been done.
#  Modification time never checked.
#  File has not been updated.

# Not a target:
get_next_line.o:
#  Implicit rule search has been done.
#  File does not exist.
#  File has not been updated.
# variable set hash-table stats:
# Load=0/32=0%, Rehash=0, Collisions=0/0=0%

# Not a target:
coords/product.o:
#  Implicit rule search has not been done.
#  Modification time never checked.
#  File has not been updated.

# Not a target:
coords/color.o:
#  Implicit rule search has not been done.
#  Modification time never checked.
#  File has not been updated.

# Not a target:
utils/utils.o:
#  Implicit rule search has not been done.
#  Modification time never checked.
#  File has not been updated.

# Not a target:
matrices/inverse.o:
#  Implicit rule search has not been done.
#  Modification time never checked.
#  File has not been updated.

# Not a target:
coords/tuple.o:
#  Implicit rule search has not been done.
#  Modification time never checked.
#  File has not been updated.

# Not a target:
matrices/inverting.o:
#  Implicit rule search has not been done.
#  Modification time never checked.
#  File has not been updated.

# files hash-table stats:
# Load=40/1024=4%, Rehash=0, Collisions=2/89=2%
# VPATH Search Paths

# No `vpath' search paths.

# No general (`VPATH' variable) search path.

# # of strings in strcache: 1
# # of strcache buffers: 1
# strcache size: total = 4096 / max = 4096 / min = 4096 / avg = 4096
# strcache free: total = 4087 / max = 4087 / min = 4087 / avg = 4087

# Finished Make data base on Tue Nov 15 15:38:49 2022

 
